\BOOKMARK [1][-]{section.1}{Introduction}{}% 1
\BOOKMARK [1][-]{section.2}{Framework and Hypotheses}{}% 2
\BOOKMARK [2][-]{subsection.2.1}{The Effect of Aspirations Windows on Aspirations}{section.2}% 3
\BOOKMARK [2][-]{subsection.2.2}{The Effect of Business Aspirations on Business Performance}{section.2}% 4
\BOOKMARK [2][-]{subsection.2.3}{The effect of business Aspirations on Family Aspirations}{section.2}% 5
\BOOKMARK [2][-]{subsection.2.4}{The effect of Business Aspirations Subjective Well-being}{section.2}% 6
\BOOKMARK [1][-]{section.3}{Research Method}{}% 7
\BOOKMARK [2][-]{subsection.3.1}{Study Location and Population of Interest}{section.3}% 8
\BOOKMARK [2][-]{subsection.3.2}{Sampling Frame}{section.3}% 9
\BOOKMARK [2][-]{subsection.3.3}{Experimental Design}{section.3}% 10
\BOOKMARK [2][-]{subsection.3.4}{Interventions}{section.3}% 11
\BOOKMARK [3][-]{subsubsection.3.4.1}{Handbook}{subsection.3.4}% 12
\BOOKMARK [3][-]{subsubsection.3.4.2}{Movie}{subsection.3.4}% 13
\BOOKMARK [3][-]{subsubsection.3.4.3}{Assistance}{subsection.3.4}% 14
\BOOKMARK [2][-]{subsection.3.5}{Treatment Compliance}{section.3}% 15
\BOOKMARK [1][-]{section.4}{Data and Estimation Method}{}% 16
\BOOKMARK [2][-]{subsection.4.1}{Description of Variables}{section.4}% 17
\BOOKMARK [2][-]{subsection.4.2}{Summary Statistics}{section.4}% 18
\BOOKMARK [2][-]{subsection.4.3}{Survey Attrition}{section.4}% 19
\BOOKMARK [2][-]{subsection.4.4}{Estimation Strategy}{section.4}% 20
\BOOKMARK [1][-]{section.5}{Results}{}% 21
\BOOKMARK [2][-]{subsection.5.1}{Impact on Business Aspirations}{section.5}% 22
\BOOKMARK [2][-]{subsection.5.2}{Impact on Business Performance}{section.5}% 23
\BOOKMARK [2][-]{subsection.5.3}{Impact on Aspirations for Children's Education}{section.5}% 24
\BOOKMARK [2][-]{subsection.5.4}{Impact on Subjective Well-Being}{section.5}% 25
\BOOKMARK [2][-]{subsection.5.5}{Characteristics of High-Aspiring Entrepreneurs}{section.5}% 26
\BOOKMARK [1][-]{section.6}{Conclusion}{}% 27
\BOOKMARK [1][-]{appendix.A}{Maps of Study Area}{}% 28
\BOOKMARK [1][-]{appendix.B}{Sampling Protocol}{}% 29
\BOOKMARK [1][-]{appendix.C}{Project Timeline}{}% 30
\BOOKMARK [1][-]{appendix.D}{Experimental Design}{}% 31
\BOOKMARK [1][-]{appendix.E}{Businesses Pictures}{}% 32
