\BOOKMARK [1][-]{section.1}{Introduction}{}% 1
\BOOKMARK [1][-]{section.2}{Contribution to the Literature}{}% 2
\BOOKMARK [1][-]{section.3}{Conceptual Framework}{}% 3
\BOOKMARK [2][-]{subsection.3.1}{Aspirations and Investment}{section.3}% 4
\BOOKMARK [2][-]{subsection.3.2}{Aspirations Windows and Aspirations Frustration}{section.3}% 5
\BOOKMARK [1][-]{section.4}{Research Method}{}% 6
\BOOKMARK [2][-]{subsection.4.1}{Study Location and Population of Interest}{section.4}% 7
\BOOKMARK [2][-]{subsection.4.2}{Sampling Frame}{section.4}% 8
\BOOKMARK [2][-]{subsection.4.3}{Experimental Design}{section.4}% 9
\BOOKMARK [2][-]{subsection.4.4}{Interventions}{section.4}% 10
\BOOKMARK [3][-]{subsubsection.4.4.1}{Handbook}{subsection.4.4}% 11
\BOOKMARK [3][-]{subsubsection.4.4.2}{Movie}{subsection.4.4}% 12
\BOOKMARK [3][-]{subsubsection.4.4.3}{Assistance}{subsection.4.4}% 13
\BOOKMARK [2][-]{subsection.4.5}{Treatment Compliance}{section.4}% 14
\BOOKMARK [1][-]{section.5}{Data and Estimation Method}{}% 15
\BOOKMARK [2][-]{subsection.5.1}{Description of Variables}{section.5}% 16
\BOOKMARK [2][-]{subsection.5.2}{Summary Statistics}{section.5}% 17
\BOOKMARK [2][-]{subsection.5.3}{Survey Attrition}{section.5}% 18
\BOOKMARK [2][-]{subsection.5.4}{Estimation Strategy}{section.5}% 19
\BOOKMARK [1][-]{section.6}{Results}{}% 20
\BOOKMARK [2][-]{subsection.6.1}{Impact on Business Aspirations}{section.6}% 21
\BOOKMARK [2][-]{subsection.6.2}{Impact on Business Performance}{section.6}% 22
\BOOKMARK [2][-]{subsection.6.3}{Impact on Aspirations for Children's Education}{section.6}% 23
\BOOKMARK [2][-]{subsection.6.4}{Impact on Subjective Well-Being}{section.6}% 24
\BOOKMARK [2][-]{subsection.6.5}{Characteristics of High-Aspiring Entrepreneurs}{section.6}% 25
\BOOKMARK [1][-]{section.7}{Conclusion}{}% 26
\BOOKMARK [1][-]{appendix.A}{Maps of Study Area}{}% 27
\BOOKMARK [1][-]{appendix.B}{Sampling Protocol}{}% 28
\BOOKMARK [1][-]{appendix.C}{Project Timeline}{}% 29
\BOOKMARK [1][-]{appendix.D}{Experimental Design}{}% 30
\BOOKMARK [1][-]{appendix.E}{Businesses Pictures}{}% 31
