\BOOKMARK [1][-]{section.1}{Introduction}{}% 1
\BOOKMARK [1][-]{section.2}{Aspirations and Productivity}{}% 2
\BOOKMARK [2][-]{subsection.2.1}{Aspirations Failure}{section.2}% 3
\BOOKMARK [2][-]{subsection.2.2}{Aspirations Windows and Aspirations Frustration}{section.2}% 4
\BOOKMARK [1][-]{section.3}{Data}{}% 5
\BOOKMARK [2][-]{subsection.3.1}{Study Location and Population of Interest}{section.3}% 6
\BOOKMARK [2][-]{subsection.3.2}{Sampling Frame}{section.3}% 7
\BOOKMARK [2][-]{subsection.3.3}{Measurement of Variables}{section.3}% 8
\BOOKMARK [2][-]{subsection.3.4}{Summary Statistics}{section.3}% 9
\BOOKMARK [2][-]{subsection.3.5}{Survey Attrition}{section.3}% 10
\BOOKMARK [1][-]{section.4}{Experimental Design and Methods}{}% 11
\BOOKMARK [2][-]{subsection.4.1}{Experimental Design}{section.4}% 12
\BOOKMARK [2][-]{subsection.4.2}{Interventions}{section.4}% 13
\BOOKMARK [3][-]{subsubsection.4.2.1}{Handbook}{subsection.4.2}% 14
\BOOKMARK [3][-]{subsubsection.4.2.2}{Movie}{subsection.4.2}% 15
\BOOKMARK [3][-]{subsubsection.4.2.3}{Assistance}{subsection.4.2}% 16
\BOOKMARK [3][-]{subsubsection.4.2.4}{Treatment Compliance}{subsection.4.2}% 17
\BOOKMARK [2][-]{subsection.4.3}{Estimation Strategy}{section.4}% 18
\BOOKMARK [1][-]{section.5}{Results}{}% 19
\BOOKMARK [2][-]{subsection.5.1}{Treatment Effects on Business Aspirations}{section.5}% 20
\BOOKMARK [2][-]{subsection.5.2}{Heterogeneous Treatment Effects on Business Aspirations}{section.5}% 21
\BOOKMARK [2][-]{subsection.5.3}{Heterogeneous Treatment Effects on Educational Aspirations and Subjective Well-being}{section.5}% 22
\BOOKMARK [2][-]{subsection.5.4}{Robustness Tests}{section.5}% 23
\BOOKMARK [1][-]{section.6}{Discussion}{}% 24
\BOOKMARK [1][-]{section.7}{Conclusion}{}% 25
\BOOKMARK [1][-]{appendix.A}{Maps of Study Area}{}% 26
\BOOKMARK [1][-]{appendix.B}{Sampling Protocol}{}% 27
\BOOKMARK [1][-]{appendix.C}{Project Timeline}{}% 28
\BOOKMARK [1][-]{appendix.D}{Experimental Design}{}% 29
\BOOKMARK [1][-]{appendix.E}{Businesses Pictures}{}% 30
